<?xml version="1.0" encoding="UTF-8"?>
<testng-results skipped="0" failed="0" ignored="0" total="2" passed="2">
  <reporter-output>
  </reporter-output>
  <suite name="Default suite" duration-ms="43027" started-at="2020-05-07T21:58:05 BST" finished-at="2020-05-07T21:58:48 BST">
    <groups>
    </groups>
    <test name="Default test" duration-ms="43027" started-at="2020-05-07T21:58:05 BST" finished-at="2020-05-07T21:58:48 BST">
      <class name="parallel.grid.roughWork.TestCase1">
        <test-method status="PASS" signature="logIn2(java.lang.String, java.lang.String, java.lang.String, java.lang.String)[pri:0, instance:parallel.grid.roughWork.TestCase1@52f759d7]" name="logIn2" duration-ms="22346" started-at="2020-05-07T21:58:05 BST" data-provider="getData" finished-at="2020-05-07T21:58:27 BST">
          <params>
            <param index="0">
              <value>
                <![CDATA[bfatogun@yahoo.com]]>
              </value>
            </param>
            <param index="1">
              <value>
                <![CDATA[sonsofgod]]>
              </value>
            </param>
            <param index="2">
              <value>
                <![CDATA[chrome]]>
              </value>
            </param>
            <param index="3">
              <value>
                <![CDATA[Tommy]]>
              </value>
            </param>
          </params>
          <reporter-output>
          </reporter-output>
        </test-method> <!-- logIn2 -->
      </class> <!-- parallel.grid.roughWork.TestCase1 -->
      <class name="parallel.grid.roughWork.TestCase6">
        <test-method status="PASS" signature="logIn(java.lang.String, java.lang.String, java.lang.String, java.lang.String)[pri:0, instance:parallel.grid.roughWork.TestCase6@7cbd213e]" name="logIn" duration-ms="20625" started-at="2020-05-07T21:58:27 BST" data-provider="provideData" finished-at="2020-05-07T21:58:48 BST">
          <params>
            <param index="0">
              <value>
                <![CDATA[bfatogun@yahoo.com]]>
              </value>
            </param>
            <param index="1">
              <value>
                <![CDATA[sonsofgod]]>
              </value>
            </param>
            <param index="2">
              <value>
                <![CDATA[chrome]]>
              </value>
            </param>
            <param index="3">
              <value>
                <![CDATA[Mickel Kroise]]>
              </value>
            </param>
          </params>
          <reporter-output>
          </reporter-output>
        </test-method> <!-- logIn -->
      </class> <!-- parallel.grid.roughWork.TestCase6 -->
    </test> <!-- Default test -->
  </suite> <!-- Default suite -->
</testng-results>
